<?xml version="1.0" encoding="UTF-8"?>
<!-- Generated by org.testng.reporters.JUnitXMLReporter -->
<testsuite ignored="2" hostname="LAPTOP-PF17CLMF" failures="0" tests="1" name="Default test" time="5.207" errors="0" timestamp="2022-05-24T15:52:56 IST">
  <testcase classname="restAssured.restAssured.Assignment" name="testcase3" time="5.088"/>
  <testcase classname="restAssured.restAssured.Assignment" name="testcase2" time="0.0">
    <ignored/>
  </testcase> <!-- testcase2 -->
  <testcase classname="restAssured.restAssured.Assignment" name="testcase1" time="0.0">
    <ignored/>
  </testcase> <!-- testcase1 -->
</testsuite> <!-- Default test -->
