<?xml version="1.0" encoding="UTF-8"?>
<!-- Generated by org.testng.reporters.JUnitXMLReporter -->
<testsuite ignored="0" hostname="LAPTOP-PF17CLMF" failures="0" tests="7" name="Default test" time="16.059" errors="0" timestamp="2022-05-24T16:39:55 IST">
  <testcase classname="restAssured.restAssured.Assignment" name="testcase1" time="4.844"/>
  <testcase classname="restAssured.restAssured.Assignment" name="testcase2" time="1.939"/>
  <testcase classname="restAssured.restAssured.Assignment" name="testcase3" time="1.763"/>
  <testcase classname="restAssured.restAssured.Assignment" name="testcase4" time="1.711"/>
  <testcase classname="restAssured.restAssured.Assignment" name="testcase5" time="2.343"/>
  <testcase classname="restAssured.restAssured.Assignment" name="testcase6" time="1.541"/>
  <testcase classname="restAssured.restAssured.Assignment" name="testcase7" time="1.835"/>
</testsuite> <!-- Default test -->
