<?xml version="1.0" encoding="UTF-8"?>
<testng-results ignored="0" total="7" passed="7" failed="0" skipped="0">
  <reporter-output>
  </reporter-output>
  <suite started-at="2022-05-24T16:43:52 IST" name="Default suite" finished-at="2022-05-24T16:44:06 IST" duration-ms="14298">
    <groups>
    </groups>
    <test started-at="2022-05-24T16:43:52 IST" name="Default test" finished-at="2022-05-24T16:44:06 IST" duration-ms="14298">
      <class name="restAssured.restAssured.Assignment">
        <test-method signature="testcase1()[pri:0, instance:restAssured.restAssured.Assignment@10163d6]" started-at="2022-05-24T16:43:52 IST" name="testcase1" description="perform the post operation using escape character" finished-at="2022-05-24T16:43:56 IST" duration-ms="4162" status="PASS">
          <reporter-output>
          </reporter-output>
        </test-method> <!-- testcase1 -->
        <test-method signature="testcase2()[pri:0, instance:restAssured.restAssured.Assignment@10163d6]" started-at="2022-05-24T16:43:56 IST" name="testcase2" description="perform the get operation" finished-at="2022-05-24T16:43:58 IST" duration-ms="1678" status="PASS">
          <reporter-output>
          </reporter-output>
        </test-method> <!-- testcase2 -->
        <test-method signature="testcase3()[pri:0, instance:restAssured.restAssured.Assignment@10163d6]" started-at="2022-05-24T16:43:58 IST" name="testcase3" description="perform the post operation using jsonfile" finished-at="2022-05-24T16:43:59 IST" duration-ms="1491" status="PASS">
          <reporter-output>
          </reporter-output>
        </test-method> <!-- testcase3 -->
        <test-method signature="testcase4()[pri:0, instance:restAssured.restAssured.Assignment@10163d6]" started-at="2022-05-24T16:43:59 IST" name="testcase4" description="perform the put operation using escape character" finished-at="2022-05-24T16:44:01 IST" duration-ms="1593" status="PASS">
          <reporter-output>
          </reporter-output>
        </test-method> <!-- testcase4 -->
        <test-method signature="testcase5()[pri:0, instance:restAssured.restAssured.Assignment@10163d6]" started-at="2022-05-24T16:44:01 IST" name="testcase5" description="perform the put operation using jsonfile character" finished-at="2022-05-24T16:44:03 IST" duration-ms="1546" status="PASS">
          <reporter-output>
          </reporter-output>
        </test-method> <!-- testcase5 -->
        <test-method signature="testcase6()[pri:0, instance:restAssured.restAssured.Assignment@10163d6]" started-at="2022-05-24T16:44:03 IST" name="testcase6" description="perform the delete operation" finished-at="2022-05-24T16:44:04 IST" duration-ms="1701" status="PASS">
          <reporter-output>
          </reporter-output>
        </test-method> <!-- testcase6 -->
        <test-method signature="testcase7()[pri:0, instance:restAssured.restAssured.Assignment@10163d6]" started-at="2022-05-24T16:44:04 IST" name="testcase7" description="verify the 404 error code" finished-at="2022-05-24T16:44:06 IST" duration-ms="2030" status="PASS">
          <reporter-output>
          </reporter-output>
        </test-method> <!-- testcase7 -->
      </class> <!-- restAssured.restAssured.Assignment -->
    </test> <!-- Default test -->
  </suite> <!-- Default suite -->
</testng-results>
