<?xml version="1.0" encoding="UTF-8"?>
<testng-results ignored="2" total="3" passed="1" failed="0" skipped="0">
  <reporter-output>
  </reporter-output>
  <suite started-at="2022-05-24T15:52:51 IST" name="Default suite" finished-at="2022-05-24T15:52:56 IST" duration-ms="5207">
    <groups>
    </groups>
    <test started-at="2022-05-24T15:52:51 IST" name="Default test" finished-at="2022-05-24T15:52:56 IST" duration-ms="5207">
      <class name="restAssured.restAssured.Assignment">
        <test-method signature="testcase3()[pri:0, instance:restAssured.restAssured.Assignment@20f5239f]" started-at="2022-05-24T15:52:51 IST" name="testcase3" finished-at="2022-05-24T15:52:56 IST" duration-ms="5088" status="PASS">
          <reporter-output>
          </reporter-output>
        </test-method> <!-- testcase3 -->
      </class> <!-- restAssured.restAssured.Assignment -->
    </test> <!-- Default test -->
  </suite> <!-- Default suite -->
</testng-results>
